<?xml version="1.0" encoding="UTF-8" standalone="no"?>
<testsuite failures="2" name="cucumber.runtime.formatter.JUnitFormatter" skipped="0" tests="4" time="17.569896">
<testcase classname="To validate the login functionality of facebook app" name="To validate login functionality with invalid data" time="6.607128">
<system-out><![CDATA[Given The user should be in facebook page...................................passed
When The user has to fill username and password.............................passed
And Click the login button..................................................passed
Then user should be in invalid page.........................................passed
]]></system-out>
</testcase>
<testcase classname="To validate the login functionality of facebook app" name="To validate the registration functionality" time="0.040102">
<failure message="org.openqa.selenium.NoSuchSessionException: Session ID is null. Using WebDriver after calling quit()?&#10;Build info: version: '3.141.59', revision: 'e82be7d358', time: '2018-11-14T08:17:03'&#10;System info: host: 'DESKTOP-D7NULBU', ip: '192.168.43.168', os.name: 'Windows 10', os.arch: 'amd64', os.version: '10.0', java.version: '1.8.0_291'&#10;Driver info: driver.version: RemoteWebDriver&#13;&#10;&#9;at org.openqa.selenium.remote.HttpCommandExecutor.execute(HttpCommandExecutor.java:125)&#13;&#10;&#9;at org.openqa.selenium.remote.service.DriverCommandExecutor.execute(DriverCommandExecutor.java:83)&#13;&#10;&#9;at org.openqa.selenium.remote.RemoteWebDriver.execute(RemoteWebDriver.java:552)&#13;&#10;&#9;at org.openqa.selenium.remote.RemoteWebDriver.findElement(RemoteWebDriver.java:323)&#13;&#10;&#9;at org.openqa.selenium.remote.RemoteWebDriver.findElementByXPath(RemoteWebDriver.java:428)&#13;&#10;&#9;at org.openqa.selenium.By$ByXPath.findElement(By.java:353)&#13;&#10;&#9;at org.openqa.selenium.remote.RemoteWebDriver.findElement(RemoteWebDriver.java:315)&#13;&#10;&#9;at org.openqa.selenium.support.pagefactory.DefaultElementLocator.findElement(DefaultElementLocator.java:69)&#13;&#10;&#9;at org.openqa.selenium.support.pagefactory.internal.LocatingElementHandler.invoke(LocatingElementHandler.java:38)&#13;&#10;&#9;at com.sun.proxy.$Proxy17.click(Unknown Source)&#13;&#10;&#9;at org.stepdefinition.BaseClassFb.btnClik(BaseClassFb.java:34)&#13;&#10;&#9;at org.stepdefinition.SigninSteps.the_user_has_to_fill_firstname_and_lastname(SigninSteps.java:51)&#13;&#10;&#9;at ✽.The user has to fill firstname and lastname(file:src/test/resources/Features/login.feature:14)&#13;&#10;"><![CDATA[Given The user should be in facebook page...................................passed
When The user has to fill firstname and lastname............................failed
And The user should click the signup button.................................skipped
Then The user successfully registered.......................................skipped

StackTrace:
org.openqa.selenium.NoSuchSessionException: Session ID is null. Using WebDriver after calling quit()?
Build info: version: '3.141.59', revision: 'e82be7d358', time: '2018-11-14T08:17:03'
System info: host: 'DESKTOP-D7NULBU', ip: '192.168.43.168', os.name: 'Windows 10', os.arch: 'amd64', os.version: '10.0', java.version: '1.8.0_291'
Driver info: driver.version: RemoteWebDriver
	at org.openqa.selenium.remote.HttpCommandExecutor.execute(HttpCommandExecutor.java:125)
	at org.openqa.selenium.remote.service.DriverCommandExecutor.execute(DriverCommandExecutor.java:83)
	at org.openqa.selenium.remote.RemoteWebDriver.execute(RemoteWebDriver.java:552)
	at org.openqa.selenium.remote.RemoteWebDriver.findElement(RemoteWebDriver.java:323)
	at org.openqa.selenium.remote.RemoteWebDriver.findElementByXPath(RemoteWebDriver.java:428)
	at org.openqa.selenium.By$ByXPath.findElement(By.java:353)
	at org.openqa.selenium.remote.RemoteWebDriver.findElement(RemoteWebDriver.java:315)
	at org.openqa.selenium.support.pagefactory.DefaultElementLocator.findElement(DefaultElementLocator.java:69)
	at org.openqa.selenium.support.pagefactory.internal.LocatingElementHandler.invoke(LocatingElementHandler.java:38)
	at com.sun.proxy.$Proxy17.click(Unknown Source)
	at org.stepdefinition.BaseClassFb.btnClik(BaseClassFb.java:34)
	at org.stepdefinition.SigninSteps.the_user_has_to_fill_firstname_and_lastname(SigninSteps.java:51)
	at ✽.The user has to fill firstname and lastname(file:src/test/resources/Features/login.feature:14)
]]></failure>
</testcase>
<testcase classname="To validate the login functionality of facebook app" name="To validate the registration functionality2" time="6.181662">
<system-out><![CDATA[Given The user should be in facebook page...................................passed
When The user has to fill firstname and lastname............................passed
And The user should click the signup button.................................passed
Then The user successfully registered.......................................passed
]]></system-out>
</testcase>
<testcase classname="To validate the login functionality of facebook app" name="To validate login functionality1 with invalid data" time="4.741004">
<failure message="java.lang.NullPointerException&#13;&#10;&#9;at org.stepdefinition.SigninSteps.click_the_login_button(SigninSteps.java:33)&#13;&#10;&#9;at ✽.Click the login button(file:src/test/resources/Features/login.feature:27)&#13;&#10;"><![CDATA[Given The user should be in facebook page...................................passed
When The user has to fill username "vijay" and password "1234"..............passed
And Click the login button..................................................failed
Then user should be in invalid page.........................................skipped

StackTrace:
java.lang.NullPointerException
	at org.stepdefinition.SigninSteps.click_the_login_button(SigninSteps.java:33)
	at ✽.Click the login button(file:src/test/resources/Features/login.feature:27)
]]></failure>
</testcase>
</testsuite>
